#! /usr/bin/vvp
:ivl_version "12.0 (stable)";
:ivl_delay_selection "TYPICAL";
:vpi_time_precision - 12;
:vpi_module "/usr/lib/x86_64-linux-gnu/ivl/system.vpi";
:vpi_module "/usr/lib/x86_64-linux-gnu/ivl/vhdl_sys.vpi";
:vpi_module "/usr/lib/x86_64-linux-gnu/ivl/vhdl_textio.vpi";
:vpi_module "/usr/lib/x86_64-linux-gnu/ivl/v2005_math.vpi";
:vpi_module "/usr/lib/x86_64-linux-gnu/ivl/va_math.vpi";
S_0x59f1c607dea0 .scope module, "tb_full_adder" "tb_full_adder" 2 5;
 .timescale -9 -12;
v0x59f1c609b030_0 .var "a", 0 0;
v0x59f1c609b0f0_0 .var "b", 0 0;
v0x59f1c609b1c0_0 .var "cin", 0 0;
v0x59f1c609b2c0_0 .net "cout", 0 0, L_0x59f1c609ba70;  1 drivers
v0x59f1c609b390_0 .net "sum", 0 0, L_0x59f1c609b570;  1 drivers
S_0x59f1c607e030 .scope module, "dut" "full_adder" 2 14, 3 3 0, S_0x59f1c607dea0;
 .timescale -9 -12;
    .port_info 0 /INPUT 1 "a";
    .port_info 1 /INPUT 1 "b";
    .port_info 2 /INPUT 1 "cin";
    .port_info 3 /OUTPUT 1 "sum";
    .port_info 4 /OUTPUT 1 "cout";
L_0x59f1c609b430 .functor XOR 1, v0x59f1c609b030_0, v0x59f1c609b0f0_0, C4<0>, C4<0>;
L_0x59f1c609b570 .functor XOR 1, L_0x59f1c609b430, v0x59f1c609b1c0_0, C4<0>, C4<0>;
L_0x59f1c609b6d0 .functor AND 1, v0x59f1c609b030_0, v0x59f1c609b0f0_0, C4<1>, C4<1>;
L_0x59f1c609b740 .functor AND 1, v0x59f1c609b0f0_0, v0x59f1c609b1c0_0, C4<1>, C4<1>;
L_0x59f1c609b7e0 .functor OR 1, L_0x59f1c609b6d0, L_0x59f1c609b740, C4<0>, C4<0>;
L_0x59f1c609b8a0 .functor AND 1, v0x59f1c609b030_0, v0x59f1c609b1c0_0, C4<1>, C4<1>;
L_0x59f1c609ba70 .functor OR 1, L_0x59f1c609b7e0, L_0x59f1c609b8a0, C4<0>, C4<0>;
v0x59f1c607e210_0 .net *"_ivl_0", 0 0, L_0x59f1c609b430;  1 drivers
v0x59f1c609a820_0 .net *"_ivl_10", 0 0, L_0x59f1c609b8a0;  1 drivers
v0x59f1c609a900_0 .net *"_ivl_4", 0 0, L_0x59f1c609b6d0;  1 drivers
v0x59f1c609a9c0_0 .net *"_ivl_6", 0 0, L_0x59f1c609b740;  1 drivers
v0x59f1c609aaa0_0 .net *"_ivl_8", 0 0, L_0x59f1c609b7e0;  1 drivers
v0x59f1c609abd0_0 .net "a", 0 0, v0x59f1c609b030_0;  1 drivers
v0x59f1c609ac90_0 .net "b", 0 0, v0x59f1c609b0f0_0;  1 drivers
v0x59f1c609ad50_0 .net "cin", 0 0, v0x59f1c609b1c0_0;  1 drivers
v0x59f1c609ae10_0 .net "cout", 0 0, L_0x59f1c609ba70;  alias, 1 drivers
v0x59f1c609aed0_0 .net "sum", 0 0, L_0x59f1c609b570;  alias, 1 drivers
    .scope S_0x59f1c607dea0;
T_0 ;
    %vpi_call 2 24 "$dumpfile", "full_adder.vcd" {0 0 0};
    %vpi_call 2 25 "$dumpvars", 32'sb00000000000000000000000000000000, S_0x59f1c607dea0 {0 0 0};
    %vpi_call 2 28 "$display", "A B Cin | Sum Cout" {0 0 0};
    %vpi_call 2 29 "$display", "------------------" {0 0 0};
    %pushi/vec4 0, 0, 1;
    %store/vec4 v0x59f1c609b030_0, 0, 1;
    %pushi/vec4 0, 0, 1;
    %store/vec4 v0x59f1c609b0f0_0, 0, 1;
    %pushi/vec4 0, 0, 1;
    %store/vec4 v0x59f1c609b1c0_0, 0, 1;
    %delay 10000, 0;
    %vpi_call 2 32 "$display", "%b %b  %b  |  %b    %b", v0x59f1c609b030_0, v0x59f1c609b0f0_0, v0x59f1c609b1c0_0, v0x59f1c609b390_0, v0x59f1c609b2c0_0 {0 0 0};
    %pushi/vec4 0, 0, 1;
    %store/vec4 v0x59f1c609b030_0, 0, 1;
    %pushi/vec4 0, 0, 1;
    %store/vec4 v0x59f1c609b0f0_0, 0, 1;
    %pushi/vec4 1, 0, 1;
    %store/vec4 v0x59f1c609b1c0_0, 0, 1;
    %delay 10000, 0;
    %vpi_call 2 33 "$display", "%b %b  %b  |  %b    %b", v0x59f1c609b030_0, v0x59f1c609b0f0_0, v0x59f1c609b1c0_0, v0x59f1c609b390_0, v0x59f1c609b2c0_0 {0 0 0};
    %pushi/vec4 0, 0, 1;
    %store/vec4 v0x59f1c609b030_0, 0, 1;
    %pushi/vec4 1, 0, 1;
    %store/vec4 v0x59f1c609b0f0_0, 0, 1;
    %pushi/vec4 0, 0, 1;
    %store/vec4 v0x59f1c609b1c0_0, 0, 1;
    %delay 10000, 0;
    %vpi_call 2 34 "$display", "%b %b  %b  |  %b    %b", v0x59f1c609b030_0, v0x59f1c609b0f0_0, v0x59f1c609b1c0_0, v0x59f1c609b390_0, v0x59f1c609b2c0_0 {0 0 0};
    %pushi/vec4 0, 0, 1;
    %store/vec4 v0x59f1c609b030_0, 0, 1;
    %pushi/vec4 1, 0, 1;
    %store/vec4 v0x59f1c609b0f0_0, 0, 1;
    %pushi/vec4 1, 0, 1;
    %store/vec4 v0x59f1c609b1c0_0, 0, 1;
    %delay 10000, 0;
    %vpi_call 2 35 "$display", "%b %b  %b  |  %b    %b", v0x59f1c609b030_0, v0x59f1c609b0f0_0, v0x59f1c609b1c0_0, v0x59f1c609b390_0, v0x59f1c609b2c0_0 {0 0 0};
    %pushi/vec4 1, 0, 1;
    %store/vec4 v0x59f1c609b030_0, 0, 1;
    %pushi/vec4 0, 0, 1;
    %store/vec4 v0x59f1c609b0f0_0, 0, 1;
    %pushi/vec4 0, 0, 1;
    %store/vec4 v0x59f1c609b1c0_0, 0, 1;
    %delay 10000, 0;
    %vpi_call 2 36 "$display", "%b %b  %b  |  %b    %b", v0x59f1c609b030_0, v0x59f1c609b0f0_0, v0x59f1c609b1c0_0, v0x59f1c609b390_0, v0x59f1c609b2c0_0 {0 0 0};
    %pushi/vec4 1, 0, 1;
    %store/vec4 v0x59f1c609b030_0, 0, 1;
    %pushi/vec4 0, 0, 1;
    %store/vec4 v0x59f1c609b0f0_0, 0, 1;
    %pushi/vec4 1, 0, 1;
    %store/vec4 v0x59f1c609b1c0_0, 0, 1;
    %delay 10000, 0;
    %vpi_call 2 37 "$display", "%b %b  %b  |  %b    %b", v0x59f1c609b030_0, v0x59f1c609b0f0_0, v0x59f1c609b1c0_0, v0x59f1c609b390_0, v0x59f1c609b2c0_0 {0 0 0};
    %pushi/vec4 1, 0, 1;
    %store/vec4 v0x59f1c609b030_0, 0, 1;
    %pushi/vec4 1, 0, 1;
    %store/vec4 v0x59f1c609b0f0_0, 0, 1;
    %pushi/vec4 0, 0, 1;
    %store/vec4 v0x59f1c609b1c0_0, 0, 1;
    %delay 10000, 0;
    %vpi_call 2 38 "$display", "%b %b  %b  |  %b    %b", v0x59f1c609b030_0, v0x59f1c609b0f0_0, v0x59f1c609b1c0_0, v0x59f1c609b390_0, v0x59f1c609b2c0_0 {0 0 0};
    %pushi/vec4 1, 0, 1;
    %store/vec4 v0x59f1c609b030_0, 0, 1;
    %pushi/vec4 1, 0, 1;
    %store/vec4 v0x59f1c609b0f0_0, 0, 1;
    %pushi/vec4 1, 0, 1;
    %store/vec4 v0x59f1c609b1c0_0, 0, 1;
    %delay 10000, 0;
    %vpi_call 2 39 "$display", "%b %b  %b  |  %b    %b", v0x59f1c609b030_0, v0x59f1c609b0f0_0, v0x59f1c609b1c0_0, v0x59f1c609b390_0, v0x59f1c609b2c0_0 {0 0 0};
    %delay 10000, 0;
    %vpi_call 2 42 "$finish" {0 0 0};
    %end;
    .thread T_0;
# The file index is used to find the file name in the following table.
:file_names 4;
    "N/A";
    "<interactive>";
    "tb_full_adder.v";
    "./full_adder.v";
